<?xml version="1.0" encoding="UTF-8"?>
<testng-results skipped="0" failed="2" ignored="2" total="8" passed="4">
  <reporter-output>
  </reporter-output>
  <suite name="ToolsQA Test Suite" duration-ms="54766" started-at="2019-11-26T18:23:21 IST" finished-at="2019-11-26T18:24:15 IST">
    <groups>
      <group name="HomePage">
        <method signature="Test_ToolsQA_HomePage.Test01_TopMenu_InteractionsMenu()[pri:0, instance:TestCases.Test_ToolsQA_HomePage@23faf8f2]" name="Test01_TopMenu_InteractionsMenu" class="TestCases.Test_ToolsQA_HomePage"/>
        <method signature="Test_ToolsQA_HomePage.Test02_TopMenu_WidgetMenu()[pri:2, instance:TestCases.Test_ToolsQA_HomePage@23faf8f2]" name="Test02_TopMenu_WidgetMenu" class="TestCases.Test_ToolsQA_HomePage"/>
        <method signature="Test_ToolsQA_HomePage.Test03_TopMenu_ToolTipsMenu()[pri:1, instance:TestCases.Test_ToolsQA_HomePage@23faf8f2]" name="Test03_TopMenu_ToolTipsMenu" class="TestCases.Test_ToolsQA_HomePage"/>
      </group> <!-- HomePage -->
      <group name="Navigation">
        <method signature="Test_ToolsQA_HomePage.Test01_TopMenu_InteractionsMenu()[pri:0, instance:TestCases.Test_ToolsQA_HomePage@23faf8f2]" name="Test01_TopMenu_InteractionsMenu" class="TestCases.Test_ToolsQA_HomePage"/>
        <method signature="Test_ToolsQA_HomePage.Test02_TopMenu_WidgetMenu()[pri:2, instance:TestCases.Test_ToolsQA_HomePage@23faf8f2]" name="Test02_TopMenu_WidgetMenu" class="TestCases.Test_ToolsQA_HomePage"/>
        <method signature="Test_ToolsQA_HomePage.Test03_TopMenu_ToolTipsMenu()[pri:1, instance:TestCases.Test_ToolsQA_HomePage@23faf8f2]" name="Test03_TopMenu_ToolTipsMenu" class="TestCases.Test_ToolsQA_HomePage"/>
      </group> <!-- Navigation -->
      <group name="Selectable">
        <method signature="Test_ToolsQA_InteractionsPage.Test01_Interactions_Selectable()[pri:1, instance:TestCases.Test_ToolsQA_InteractionsPage@56aac163]" name="Test01_Interactions_Selectable" class="TestCases.Test_ToolsQA_InteractionsPage"/>
      </group> <!-- Selectable -->
      <group name="Droppable">
        <method signature="Test_ToolsQA_InteractionsPage.Test02_Interactions_Droppable()[pri:0, instance:TestCases.Test_ToolsQA_InteractionsPage@56aac163]" name="Test02_Interactions_Droppable" class="TestCases.Test_ToolsQA_InteractionsPage"/>
      </group> <!-- Droppable -->
      <group name="Resizeable">
        <method signature="Test_ToolsQA_InteractionsPage.Test02_Interactions_Resizeable()[pri:0, instance:TestCases.Test_ToolsQA_InteractionsPage@56aac163]" name="Test02_Interactions_Resizeable" class="TestCases.Test_ToolsQA_InteractionsPage"/>
      </group> <!-- Resizeable -->
      <group name="Interactions">
        <method signature="Test_ToolsQA_InteractionsPage.Test01_Interactions_Selectable()[pri:1, instance:TestCases.Test_ToolsQA_InteractionsPage@56aac163]" name="Test01_Interactions_Selectable" class="TestCases.Test_ToolsQA_InteractionsPage"/>
        <method signature="Test_ToolsQA_InteractionsPage.Test02_Interactions_Droppable()[pri:0, instance:TestCases.Test_ToolsQA_InteractionsPage@56aac163]" name="Test02_Interactions_Droppable" class="TestCases.Test_ToolsQA_InteractionsPage"/>
        <method signature="Test_ToolsQA_InteractionsPage.Test02_Interactions_Resizeable()[pri:0, instance:TestCases.Test_ToolsQA_InteractionsPage@56aac163]" name="Test02_Interactions_Resizeable" class="TestCases.Test_ToolsQA_InteractionsPage"/>
      </group> <!-- Interactions -->
      <group name="Menu">
        <method signature="Test_ToolsQA_HomePage.Test01_TopMenu_InteractionsMenu()[pri:0, instance:TestCases.Test_ToolsQA_HomePage@23faf8f2]" name="Test01_TopMenu_InteractionsMenu" class="TestCases.Test_ToolsQA_HomePage"/>
        <method signature="Test_ToolsQA_HomePage.Test02_TopMenu_WidgetMenu()[pri:2, instance:TestCases.Test_ToolsQA_HomePage@23faf8f2]" name="Test02_TopMenu_WidgetMenu" class="TestCases.Test_ToolsQA_HomePage"/>
        <method signature="Test_ToolsQA_HomePage.Test03_TopMenu_ToolTipsMenu()[pri:1, instance:TestCases.Test_ToolsQA_HomePage@23faf8f2]" name="Test03_TopMenu_ToolTipsMenu" class="TestCases.Test_ToolsQA_HomePage"/>
      </group> <!-- Menu -->
    </groups>
    <test name="Regression Test" duration-ms="54766" started-at="2019-11-26T18:23:21 IST" finished-at="2019-11-26T18:24:15 IST">
      <class name="TestCases.Test_ToolsQA_InteractionsPage">
        <test-method status="PASS" signature="launchURL(java.lang.String, java.lang.reflect.Method)[pri:0, instance:TestCases.Test_ToolsQA_InteractionsPage@56aac163]" name="launchURL" is-config="true" duration-ms="614" started-at="2019-11-26T18:23:48 IST" finished-at="2019-11-26T18:23:48 IST">
          <params>
            <param index="0">
              <value>
                <![CDATA[Testappurl]]>
              </value>
            </param>
            <param index="1">
              <value>
                <![CDATA[public static void TestCases.Test_ToolsQA_InteractionsPage.Test02_Interactions_Droppable() throws java.lang.InterruptedException]]>
              </value>
            </param>
          </params>
          <reporter-output>
          </reporter-output>
        </test-method> <!-- launchURL -->
        <test-method status="PASS" signature="Test02_Interactions_Droppable()[pri:0, instance:TestCases.Test_ToolsQA_InteractionsPage@56aac163]" name="Test02_Interactions_Droppable" duration-ms="12475" started-at="2019-11-26T18:23:48 IST" finished-at="2019-11-26T18:24:01 IST">
          <reporter-output>
          </reporter-output>
        </test-method> <!-- Test02_Interactions_Droppable -->
        <test-method status="PASS" signature="launchURL(java.lang.String, java.lang.reflect.Method)[pri:0, instance:TestCases.Test_ToolsQA_InteractionsPage@56aac163]" name="launchURL" is-config="true" duration-ms="660" started-at="2019-11-26T18:24:01 IST" finished-at="2019-11-26T18:24:01 IST">
          <params>
            <param index="0">
              <value>
                <![CDATA[Testappurl]]>
              </value>
            </param>
            <param index="1">
              <value>
                <![CDATA[public static void TestCases.Test_ToolsQA_InteractionsPage.Test02_Interactions_Resizeable() throws java.lang.InterruptedException]]>
              </value>
            </param>
          </params>
          <reporter-output>
          </reporter-output>
        </test-method> <!-- launchURL -->
        <test-method status="FAIL" signature="Test02_Interactions_Resizeable()[pri:0, instance:TestCases.Test_ToolsQA_InteractionsPage@56aac163]" name="Test02_Interactions_Resizeable" duration-ms="6507" started-at="2019-11-26T18:24:01 IST" finished-at="2019-11-26T18:24:08 IST">
          <exception class="org.openqa.selenium.json.JsonException">
            <message>
              <![CDATA[java.lang.reflect.InvocationTargetException
Build info: version: '3.141.59', revision: 'e82be7d358', time: '2018-11-14T08:25:53'
System info: host: 'VD-MDU-MMA12', ip: '10.169.74.33', os.name: 'Windows 10', os.arch: 'amd64', os.version: '10.0', java.version: '1.8.0_144'
Driver info: driver.version: RemoteWebDriver]]>
            </message>
            <full-stacktrace>
              <![CDATA[org.openqa.selenium.json.JsonException: java.lang.reflect.InvocationTargetException
Build info: version: '3.141.59', revision: 'e82be7d358', time: '2018-11-14T08:25:53'
System info: host: 'VD-MDU-MMA12', ip: '10.169.74.33', os.name: 'Windows 10', os.arch: 'amd64', os.version: '10.0', java.version: '1.8.0_144'
Driver info: driver.version: RemoteWebDriver
at org.openqa.selenium.json.JsonOutput.convertUsingMethod(JsonOutput.java:332)
at org.openqa.selenium.json.JsonOutput.lambda$new$16(JsonOutput.java:155)
at org.openqa.selenium.json.JsonOutput.write(JsonOutput.java:264)
at org.openqa.selenium.json.JsonOutput.lambda$null$21(JsonOutput.java:168)
at java.util.LinkedHashMap$LinkedValues.forEach(Unknown Source)
at org.openqa.selenium.json.JsonOutput.lambda$new$22(JsonOutput.java:168)
at org.openqa.selenium.json.JsonOutput.write(JsonOutput.java:264)
at org.openqa.selenium.json.JsonOutput.lambda$null$23(JsonOutput.java:177)
at com.google.common.collect.SingletonImmutableBiMap.forEach(SingletonImmutableBiMap.java:65)
at org.openqa.selenium.json.JsonOutput.lambda$new$24(JsonOutput.java:176)
at org.openqa.selenium.json.JsonOutput.write(JsonOutput.java:264)
at org.openqa.selenium.json.JsonOutput.write(JsonOutput.java:255)
at org.openqa.selenium.json.Json.toJson(Json.java:42)
at org.openqa.selenium.remote.http.AbstractHttpCommandCodec.encode(AbstractHttpCommandCodec.java:227)
at org.openqa.selenium.remote.http.AbstractHttpCommandCodec.encode(AbstractHttpCommandCodec.java:117)
at org.openqa.selenium.remote.HttpCommandExecutor.execute(HttpCommandExecutor.java:152)
at org.openqa.selenium.remote.service.DriverCommandExecutor.execute(DriverCommandExecutor.java:83)
at org.openqa.selenium.remote.RemoteWebDriver.execute(RemoteWebDriver.java:552)
at org.openqa.selenium.remote.RemoteWebDriver.perform(RemoteWebDriver.java:618)
at org.openqa.selenium.interactions.Actions$BuiltAction.perform(Actions.java:639)
at TestCases.Test_ToolsQA_InteractionsPage.Test02_Interactions_Resizeable(Test_ToolsQA_InteractionsPage.java:82)
at sun.reflect.NativeMethodAccessorImpl.invoke0(Native Method)
at sun.reflect.NativeMethodAccessorImpl.invoke(Unknown Source)
at sun.reflect.DelegatingMethodAccessorImpl.invoke(Unknown Source)
at java.lang.reflect.Method.invoke(Unknown Source)
at org.testng.internal.MethodInvocationHelper.invokeMethod(MethodInvocationHelper.java:133)
at org.testng.internal.TestInvoker.invokeMethod(TestInvoker.java:584)
at org.testng.internal.TestInvoker.invokeTestMethod(TestInvoker.java:172)
at org.testng.internal.MethodRunner.runInSequence(MethodRunner.java:46)
at org.testng.internal.TestInvoker$MethodInvocationAgent.invoke(TestInvoker.java:804)
at org.testng.internal.TestInvoker.invokeTestMethods(TestInvoker.java:145)
at org.testng.internal.TestMethodWorker.invokeTestMethods(TestMethodWorker.java:146)
at org.testng.internal.TestMethodWorker.run(TestMethodWorker.java:128)
at java.util.ArrayList.forEach(Unknown Source)
at org.testng.TestRunner.privateRun(TestRunner.java:770)
at org.testng.TestRunner.run(TestRunner.java:591)
at org.testng.SuiteRunner.runTest(SuiteRunner.java:402)
at org.testng.SuiteRunner.runSequentially(SuiteRunner.java:396)
at org.testng.SuiteRunner.privateRun(SuiteRunner.java:355)
at org.testng.SuiteRunner.run(SuiteRunner.java:304)
at org.testng.SuiteRunnerWorker.runSuite(SuiteRunnerWorker.java:53)
at org.testng.SuiteRunnerWorker.run(SuiteRunnerWorker.java:96)
at org.testng.TestNG.runSuitesSequentially(TestNG.java:1180)
at org.testng.TestNG.runSuitesLocally(TestNG.java:1102)
at org.testng.TestNG.runSuites(TestNG.java:1032)
at org.testng.TestNG.run(TestNG.java:1000)
at org.testng.remote.AbstractRemoteTestNG.run(AbstractRemoteTestNG.java:115)
at org.testng.remote.RemoteTestNG.initAndRun(RemoteTestNG.java:251)
at org.testng.remote.RemoteTestNG.main(RemoteTestNG.java:77)
Suppressed: org.openqa.selenium.json.JsonException: Attempting to close incomplete json stream
Build info: version: '3.141.59', revision: 'e82be7d358', time: '2018-11-14T08:25:53'
System info: host: 'VD-MDU-MMA12', ip: '10.169.74.33', os.name: 'Windows 10', os.arch: 'amd64', os.version: '10.0', java.version: '1.8.0_144'
Driver info: driver.version: RemoteWebDriver
at org.openqa.selenium.json.JsonOutput.close(JsonOutput.java:279)
at org.openqa.selenium.json.Json.toJson(Json.java:44)
... 36 more
Caused by: java.lang.reflect.InvocationTargetException
at sun.reflect.NativeMethodAccessorImpl.invoke0(Native Method)
at sun.reflect.NativeMethodAccessorImpl.invoke(Unknown Source)
at sun.reflect.DelegatingMethodAccessorImpl.invoke(Unknown Source)
at java.lang.reflect.Method.invoke(Unknown Source)
at org.openqa.selenium.json.JsonOutput.convertUsingMethod(JsonOutput.java:328)
... 48 more
Caused by: org.openqa.selenium.NoSuchElementException: no such element: Unable to locate element: {"method":"css selector","selector":".ui\-resizable\-handle\ ui\-resizable\-se\ ui\-icon\ ui\-icon\-gripsmall\-diagonal\-se"}
  (Session info: chrome=78.0.3904.108)
For documentation on this error, please visit: https://www.seleniumhq.org/exceptions/no_such_element.html
Build info: version: '3.141.59', revision: 'e82be7d358', time: '2018-11-14T08:25:53'
System info: host: 'VD-MDU-MMA12', ip: '10.169.74.33', os.name: 'Windows 10', os.arch: 'amd64', os.version: '10.0', java.version: '1.8.0_144'
Driver info: org.openqa.selenium.chrome.ChromeDriver
Capabilities {acceptInsecureCerts: false, browserName: chrome, browserVersion: 78.0.3904.108, chrome: {chromedriverVersion: 78.0.3904.70 (edb9c9f3de024..., userDataDir: D:\Users\ashokpandian.s\App...}, goog:chromeOptions: {debuggerAddress: localhost:53659}, javascriptEnabled: true, networkConnectionEnabled: false, pageLoadStrategy: normal, platform: XP, platformName: XP, proxy: Proxy(), setWindowRect: true, strictFileInteractability: false, timeouts: {implicit: 0, pageLoad: 300000, script: 30000}, unhandledPromptBehavior: dismiss and notify}
Session ID: 7b0fe064b15f132f37fb089762330190
*** Element info: {Using=class name, value=ui-resizable-handle ui-resizable-se ui-icon ui-icon-gripsmall-diagonal-se}
at sun.reflect.NativeConstructorAccessorImpl.newInstance0(Native Method)
at sun.reflect.NativeConstructorAccessorImpl.newInstance(Unknown Source)
at sun.reflect.DelegatingConstructorAccessorImpl.newInstance(Unknown Source)
at java.lang.reflect.Constructor.newInstance(Unknown Source)
at org.openqa.selenium.remote.http.W3CHttpResponseCodec.createException(W3CHttpResponseCodec.java:187)
at org.openqa.selenium.remote.http.W3CHttpResponseCodec.decode(W3CHttpResponseCodec.java:122)
at org.openqa.selenium.remote.http.W3CHttpResponseCodec.decode(W3CHttpResponseCodec.java:49)
at org.openqa.selenium.remote.HttpCommandExecutor.execute(HttpCommandExecutor.java:158)
at org.openqa.selenium.remote.service.DriverCommandExecutor.execute(DriverCommandExecutor.java:83)
at org.openqa.selenium.remote.RemoteWebDriver.execute(RemoteWebDriver.java:552)
at org.openqa.selenium.remote.RemoteWebDriver.findElement(RemoteWebDriver.java:323)
at org.openqa.selenium.remote.RemoteWebDriver.findElementByClassName(RemoteWebDriver.java:412)
at org.openqa.selenium.By$ByClassName.findElement(By.java:389)
at org.openqa.selenium.remote.RemoteWebDriver.findElement(RemoteWebDriver.java:315)
at org.openqa.selenium.support.pagefactory.DefaultElementLocator.findElement(DefaultElementLocator.java:69)
at org.openqa.selenium.support.pagefactory.internal.LocatingElementHandler.invoke(LocatingElementHandler.java:38)
at com.sun.proxy.$Proxy12.getWrappedElement(Unknown Source)
at org.openqa.selenium.interactions.PointerInput$Origin.asArg(PointerInput.java:204)
at org.openqa.selenium.interactions.PointerInput$Move.encode(PointerInput.java:155)
at org.openqa.selenium.interactions.Sequence.encode(Sequence.java:75)
at org.openqa.selenium.interactions.Sequence.toJson(Sequence.java:84)
... 53 more
]]>
            </full-stacktrace>
          </exception> <!-- org.openqa.selenium.json.JsonException -->
          <reporter-output>
          </reporter-output>
        </test-method> <!-- Test02_Interactions_Resizeable -->
        <test-method status="PASS" signature="launchURL(java.lang.String, java.lang.reflect.Method)[pri:0, instance:TestCases.Test_ToolsQA_InteractionsPage@56aac163]" name="launchURL" is-config="true" duration-ms="659" started-at="2019-11-26T18:24:08 IST" finished-at="2019-11-26T18:24:09 IST">
          <params>
            <param index="0">
              <value>
                <![CDATA[Testappurl]]>
              </value>
            </param>
            <param index="1">
              <value>
                <![CDATA[public static void TestCases.Test_ToolsQA_InteractionsPage.Test01_Interactions_Selectable() throws java.lang.InterruptedException]]>
              </value>
            </param>
          </params>
          <reporter-output>
          </reporter-output>
        </test-method> <!-- launchURL -->
        <test-method status="PASS" signature="Test01_Interactions_Selectable()[pri:1, instance:TestCases.Test_ToolsQA_InteractionsPage@56aac163]" name="Test01_Interactions_Selectable" duration-ms="4844" started-at="2019-11-26T18:24:09 IST" finished-at="2019-11-26T18:24:14 IST">
          <reporter-output>
          </reporter-output>
        </test-method> <!-- Test01_Interactions_Selectable -->
      </class> <!-- TestCases.Test_ToolsQA_InteractionsPage -->
      <class name="TestCases.Test_ToolsQA_HomePage">
        <test-method status="PASS" signature="initWebDriver(org.testng.ITestContext)[pri:0, instance:TestCases.Test_ToolsQA_HomePage@23faf8f2]" name="initWebDriver" is-config="true" duration-ms="7472" started-at="2019-11-26T18:23:21 IST" finished-at="2019-11-26T18:23:28 IST">
          <params>
            <param index="0">
              <value>
                <![CDATA[org.testng.TestRunner@549621f3]]>
              </value>
            </param>
          </params>
          <reporter-output>
          </reporter-output>
        </test-method> <!-- initWebDriver -->
        <test-method status="PASS" signature="launchURL(java.lang.String, java.lang.reflect.Method)[pri:0, instance:TestCases.Test_ToolsQA_HomePage@23faf8f2]" name="launchURL" is-config="true" duration-ms="10840" started-at="2019-11-26T18:23:28 IST" finished-at="2019-11-26T18:23:39 IST">
          <params>
            <param index="0">
              <value>
                <![CDATA[Testappurl]]>
              </value>
            </param>
            <param index="1">
              <value>
                <![CDATA[public static void TestCases.Test_ToolsQA_HomePage.Test01_TopMenu_InteractionsMenu()]]>
              </value>
            </param>
          </params>
          <reporter-output>
          </reporter-output>
        </test-method> <!-- launchURL -->
        <test-method status="PASS" signature="Test01_TopMenu_InteractionsMenu()[pri:0, instance:TestCases.Test_ToolsQA_HomePage@23faf8f2]" name="Test01_TopMenu_InteractionsMenu" duration-ms="1110" started-at="2019-11-26T18:23:39 IST" finished-at="2019-11-26T18:23:40 IST">
          <reporter-output>
          </reporter-output>
        </test-method> <!-- Test01_TopMenu_InteractionsMenu -->
        <test-method status="PASS" signature="launchURL(java.lang.String, java.lang.reflect.Method)[pri:0, instance:TestCases.Test_ToolsQA_HomePage@23faf8f2]" name="launchURL" is-config="true" duration-ms="755" started-at="2019-11-26T18:23:40 IST" finished-at="2019-11-26T18:23:41 IST">
          <params>
            <param index="0">
              <value>
                <![CDATA[Testappurl]]>
              </value>
            </param>
            <param index="1">
              <value>
                <![CDATA[public static void TestCases.Test_ToolsQA_HomePage.Test03_TopMenu_ToolTipsMenu()]]>
              </value>
            </param>
          </params>
          <reporter-output>
          </reporter-output>
        </test-method> <!-- launchURL -->
        <test-method status="PASS" signature="Test03_TopMenu_ToolTipsMenu()[pri:1, instance:TestCases.Test_ToolsQA_HomePage@23faf8f2]" name="Test03_TopMenu_ToolTipsMenu" duration-ms="786" started-at="2019-11-26T18:23:41 IST" finished-at="2019-11-26T18:23:42 IST">
          <reporter-output>
          </reporter-output>
        </test-method> <!-- Test03_TopMenu_ToolTipsMenu -->
        <test-method status="PASS" signature="launchURL(java.lang.String, java.lang.reflect.Method)[pri:0, instance:TestCases.Test_ToolsQA_HomePage@23faf8f2]" name="launchURL" is-config="true" duration-ms="611" started-at="2019-11-26T18:23:42 IST" finished-at="2019-11-26T18:23:42 IST">
          <params>
            <param index="0">
              <value>
                <![CDATA[Testappurl]]>
              </value>
            </param>
            <param index="1">
              <value>
                <![CDATA[public static void TestCases.Test_ToolsQA_HomePage.Test02_TopMenu_WidgetMenu()]]>
              </value>
            </param>
          </params>
          <reporter-output>
          </reporter-output>
        </test-method> <!-- launchURL -->
        <test-method status="FAIL" signature="Test02_TopMenu_WidgetMenu()[pri:2, instance:TestCases.Test_ToolsQA_HomePage@23faf8f2]" name="Test02_TopMenu_WidgetMenu" duration-ms="5047" started-at="2019-11-26T18:23:42 IST" finished-at="2019-11-26T18:23:47 IST">
          <exception class="org.openqa.selenium.NoSuchElementException">
            <message>
              <![CDATA[no such element: Unable to locate element: {"method":"xpath","selector":"//ul[@id='menu-top']/ul[3]"}
  (Session info: chrome=78.0.3904.108)
For documentation on this error, please visit: https://www.seleniumhq.org/exceptions/no_such_element.html
Build info: version: '3.141.59', revision: 'e82be7d358', time: '2018-11-14T08:25:53'
System info: host: 'VD-MDU-MMA12', ip: '10.169.74.33', os.name: 'Windows 10', os.arch: 'amd64', os.version: '10.0', java.version: '1.8.0_144'
Driver info: org.openqa.selenium.chrome.ChromeDriver
Capabilities {acceptInsecureCerts: false, browserName: chrome, browserVersion: 78.0.3904.108, chrome: {chromedriverVersion: 78.0.3904.70 (edb9c9f3de024..., userDataDir: D:\Users\ashokpandian.s\App...}, goog:chromeOptions: {debuggerAddress: localhost:53659}, javascriptEnabled: true, networkConnectionEnabled: false, pageLoadStrategy: normal, platform: XP, platformName: XP, proxy: Proxy(), setWindowRect: true, strictFileInteractability: false, timeouts: {implicit: 0, pageLoad: 300000, script: 30000}, unhandledPromptBehavior: dismiss and notify}
Session ID: 7b0fe064b15f132f37fb089762330190
*** Element info: {Using=xpath, value=//ul[@id='menu-top']/ul[3]}]]>
            </message>
            <full-stacktrace>
              <![CDATA[org.openqa.selenium.NoSuchElementException: no such element: Unable to locate element: {"method":"xpath","selector":"//ul[@id='menu-top']/ul[3]"}
  (Session info: chrome=78.0.3904.108)
For documentation on this error, please visit: https://www.seleniumhq.org/exceptions/no_such_element.html
Build info: version: '3.141.59', revision: 'e82be7d358', time: '2018-11-14T08:25:53'
System info: host: 'VD-MDU-MMA12', ip: '10.169.74.33', os.name: 'Windows 10', os.arch: 'amd64', os.version: '10.0', java.version: '1.8.0_144'
Driver info: org.openqa.selenium.chrome.ChromeDriver
Capabilities {acceptInsecureCerts: false, browserName: chrome, browserVersion: 78.0.3904.108, chrome: {chromedriverVersion: 78.0.3904.70 (edb9c9f3de024..., userDataDir: D:\Users\ashokpandian.s\App...}, goog:chromeOptions: {debuggerAddress: localhost:53659}, javascriptEnabled: true, networkConnectionEnabled: false, pageLoadStrategy: normal, platform: XP, platformName: XP, proxy: Proxy(), setWindowRect: true, strictFileInteractability: false, timeouts: {implicit: 0, pageLoad: 300000, script: 30000}, unhandledPromptBehavior: dismiss and notify}
Session ID: 7b0fe064b15f132f37fb089762330190
*** Element info: {Using=xpath, value=//ul[@id='menu-top']/ul[3]}
at sun.reflect.NativeConstructorAccessorImpl.newInstance0(Native Method)
at sun.reflect.NativeConstructorAccessorImpl.newInstance(Unknown Source)
at sun.reflect.DelegatingConstructorAccessorImpl.newInstance(Unknown Source)
at java.lang.reflect.Constructor.newInstance(Unknown Source)
at org.openqa.selenium.remote.http.W3CHttpResponseCodec.createException(W3CHttpResponseCodec.java:187)
at org.openqa.selenium.remote.http.W3CHttpResponseCodec.decode(W3CHttpResponseCodec.java:122)
at org.openqa.selenium.remote.http.W3CHttpResponseCodec.decode(W3CHttpResponseCodec.java:49)
at org.openqa.selenium.remote.HttpCommandExecutor.execute(HttpCommandExecutor.java:158)
at org.openqa.selenium.remote.service.DriverCommandExecutor.execute(DriverCommandExecutor.java:83)
at org.openqa.selenium.remote.RemoteWebDriver.execute(RemoteWebDriver.java:552)
at org.openqa.selenium.remote.RemoteWebDriver.findElement(RemoteWebDriver.java:323)
at org.openqa.selenium.remote.RemoteWebDriver.findElementByXPath(RemoteWebDriver.java:428)
at org.openqa.selenium.By$ByXPath.findElement(By.java:353)
at org.openqa.selenium.remote.RemoteWebDriver.findElement(RemoteWebDriver.java:315)
at org.openqa.selenium.support.pagefactory.DefaultElementLocator.findElement(DefaultElementLocator.java:69)
at org.openqa.selenium.support.pagefactory.internal.LocatingElementHandler.invoke(LocatingElementHandler.java:38)
at com.sun.proxy.$Proxy12.click(Unknown Source)
at TestCases.Test_ToolsQA_HomePage.Test02_TopMenu_WidgetMenu(Test_ToolsQA_HomePage.java:45)
at sun.reflect.NativeMethodAccessorImpl.invoke0(Native Method)
at sun.reflect.NativeMethodAccessorImpl.invoke(Unknown Source)
at sun.reflect.DelegatingMethodAccessorImpl.invoke(Unknown Source)
at java.lang.reflect.Method.invoke(Unknown Source)
at org.testng.internal.MethodInvocationHelper.invokeMethod(MethodInvocationHelper.java:133)
at org.testng.internal.TestInvoker.invokeMethod(TestInvoker.java:584)
at org.testng.internal.TestInvoker.invokeTestMethod(TestInvoker.java:172)
at org.testng.internal.MethodRunner.runInSequence(MethodRunner.java:46)
at org.testng.internal.TestInvoker$MethodInvocationAgent.invoke(TestInvoker.java:804)
at org.testng.internal.TestInvoker.invokeTestMethods(TestInvoker.java:145)
at org.testng.internal.TestMethodWorker.invokeTestMethods(TestMethodWorker.java:146)
at org.testng.internal.TestMethodWorker.run(TestMethodWorker.java:128)
at java.util.ArrayList.forEach(Unknown Source)
at org.testng.TestRunner.privateRun(TestRunner.java:770)
at org.testng.TestRunner.run(TestRunner.java:591)
at org.testng.SuiteRunner.runTest(SuiteRunner.java:402)
at org.testng.SuiteRunner.runSequentially(SuiteRunner.java:396)
at org.testng.SuiteRunner.privateRun(SuiteRunner.java:355)
at org.testng.SuiteRunner.run(SuiteRunner.java:304)
at org.testng.SuiteRunnerWorker.runSuite(SuiteRunnerWorker.java:53)
at org.testng.SuiteRunnerWorker.run(SuiteRunnerWorker.java:96)
at org.testng.TestNG.runSuitesSequentially(TestNG.java:1180)
at org.testng.TestNG.runSuitesLocally(TestNG.java:1102)
at org.testng.TestNG.runSuites(TestNG.java:1032)
at org.testng.TestNG.run(TestNG.java:1000)
at org.testng.remote.AbstractRemoteTestNG.run(AbstractRemoteTestNG.java:115)
at org.testng.remote.RemoteTestNG.initAndRun(RemoteTestNG.java:251)
at org.testng.remote.RemoteTestNG.main(RemoteTestNG.java:77)
]]>
            </full-stacktrace>
          </exception> <!-- org.openqa.selenium.NoSuchElementException -->
          <reporter-output>
          </reporter-output>
        </test-method> <!-- Test02_TopMenu_WidgetMenu -->
        <test-method status="PASS" signature="killDriver()[pri:0, instance:TestCases.Test_ToolsQA_HomePage@23faf8f2]" name="killDriver" is-config="true" duration-ms="1605" started-at="2019-11-26T18:24:14 IST" finished-at="2019-11-26T18:24:15 IST">
          <reporter-output>
          </reporter-output>
        </test-method> <!-- killDriver -->
      </class> <!-- TestCases.Test_ToolsQA_HomePage -->
    </test> <!-- Regression Test -->
  </suite> <!-- ToolsQA Test Suite -->
</testng-results>
